{"label":"server.js","level":"info","message":"LOG: Main page","metadata":{},"timestamp":"2022-04-24 02:41:34"}
{"label":"server.js","level":"info","message":"LOG: Create coupon","metadata":{},"timestamp":"2022-04-24 02:50:53"}
{"label":"server.js","level":"info","message":"LOG: Create coupon","metadata":{},"timestamp":"2022-04-24 02:51:14"}
{"label":"server.js","level":"info","message":"LOG: Create coupon","metadata":{},"timestamp":"2022-04-24 02:51:22"}
{"label":"server.js","level":"info","message":"LOG: Create coupon","metadata":{},"timestamp":"2022-04-24 02:53:11"}
{"label":"server.js","level":"info","message":"LOG: Create coupon","metadata":{},"timestamp":"2022-04-24 02:53:15"}
{"label":"server.js","level":"info","message":"LOG: Create coupon","metadata":{},"timestamp":"2022-04-24 02:53:26"}
{"label":"server.js","level":"info","message":"LOG: Create coupon","metadata":{},"timestamp":"2022-04-24 02:53:28"}
{"label":"server.js","level":"info","message":"LOG: Create coupon","metadata":{},"timestamp":"2022-04-24 02:53:57"}
{"label":"server.js","level":"info","message":"LOG: Create coupon","metadata":{},"timestamp":"2022-04-24 02:54:33"}
{"label":"server.js","level":"info","message":"LOG: Create coupon","metadata":{},"timestamp":"2022-04-24 02:54:55"}
{"label":"server.js","level":"info","message":"LOG: Create coupon","metadata":{},"timestamp":"2022-04-24 02:55:13"}
{"label":"server.js","level":"info","message":"LOG: Create coupon","metadata":{},"timestamp":"2022-04-24 02:55:14"}
{"label":"server.js","level":"info","message":"LOG: Create coupon","metadata":{},"timestamp":"2022-04-24 02:55:31"}
{"label":"server.js","level":"info","message":"LOG: Create coupon","metadata":{},"timestamp":"2022-04-24 02:55:33"}
{"label":"server.js","level":"info","message":"LOG: Create coupon","metadata":{},"timestamp":"2022-04-24 02:55:53"}
{"label":"server.js","level":"info","message":"LOG: Create coupon","metadata":{},"timestamp":"2022-04-24 02:55:53"}
{"label":"server.js","level":"info","message":"LOG: Create coupon","metadata":{},"timestamp":"2022-04-24 02:56:06"}
{"label":"server.js","level":"info","message":"LOG: Create coupon","metadata":{},"timestamp":"2022-04-24 02:56:07"}
{"label":"server.js","level":"info","message":"LOG: Create coupon","metadata":{},"timestamp":"2022-04-24 02:58:39"}
{"label":"server.js","level":"info","message":"LOG: Create coupon","metadata":{},"timestamp":"2022-04-24 02:58:41"}
{"label":"server.js","level":"info","message":"LOG: Create coupon","metadata":{},"timestamp":"2022-04-24 02:59:00"}
{"label":"server.js","level":"info","message":"LOG: Create coupon","metadata":{},"timestamp":"2022-04-24 02:59:47"}
{"label":"server.js","level":"info","message":"LOG: Create coupon","metadata":{},"timestamp":"2022-04-24 02:59:47"}
{"label":"server.js","level":"info","message":"LOG: Create coupon","metadata":{},"timestamp":"2022-04-24 03:00:12"}
{"label":"server.js","level":"info","message":"LOG: Create coupon","metadata":{},"timestamp":"2022-04-24 03:00:32"}
{"label":"server.js","level":"info","message":"LOG: Create coupon","metadata":{},"timestamp":"2022-04-24 03:01:44"}
{"label":"server.js","level":"info","message":"LOG: Create coupon","metadata":{},"timestamp":"2022-04-24 03:02:58"}
{"label":"server.js","level":"info","message":"LOG: Create coupon","metadata":{},"timestamp":"2022-04-24 03:04:48"}
{"label":"server.js","level":"info","message":"LOG: Fetch all coupons","metadata":{},"timestamp":"2022-04-24 10:15:56"}
{"label":"server.js","level":"info","message":"LOG: Fetch all coupons","metadata":{},"timestamp":"2022-04-24 10:20:39"}
{"label":"server.js","level":"info","message":"LOG: Fetch all coupons","metadata":{},"timestamp":"2022-04-24 10:21:34"}
{"label":"server.js","level":"info","message":"LOG: Fetch all coupons","metadata":{},"timestamp":"2022-04-24 10:21:37"}
{"label":"server.js","level":"info","message":"LOG: Fetch all coupons","metadata":{},"timestamp":"2022-04-24 10:50:08"}
{"label":"server.js","level":"info","message":"LOG: Fetch all coupons","metadata":{},"timestamp":"2022-04-24 10:50:46"}
{"label":"server.js","level":"info","message":"LOG: Fetch all coupons","metadata":{},"timestamp":"2022-04-24 10:50:49"}
{"label":"server.js","level":"info","message":"LOG: Fetch all coupons","metadata":{},"timestamp":"2022-04-24 10:51:48"}
{"label":"server.js","level":"info","message":"LOG: Fetch all coupons","metadata":{},"timestamp":"2022-04-24 10:53:22"}
{"label":"server.js","level":"info","message":"LOG: Fetch all coupons","metadata":{},"timestamp":"2022-04-24 10:53:23"}
{"label":"server.js","level":"info","message":"LOG: Fetch all coupons","metadata":{},"timestamp":"2022-04-24 10:57:06"}
{"label":"server.js","level":"info","message":"LOG: Fetch all coupons","metadata":{},"timestamp":"2022-04-24 10:59:26"}
{"label":"server.js","level":"info","message":"LOG: Fetch all coupons","metadata":{},"timestamp":"2022-04-24 11:05:58"}
{"label":"server.js","level":"info","message":"LOG: Fetch all coupons","metadata":{},"timestamp":"2022-04-24 11:08:25"}
{"label":"server.js","level":"info","message":"LOG: Fetch all coupons","metadata":{},"timestamp":"2022-04-24 11:08:55"}
{"label":"server.js","level":"info","message":"LOG: Fetch all coupons","metadata":{},"timestamp":"2022-04-24 11:08:59"}
{"label":"server.js","level":"info","message":"LOG: Fetch all coupons","metadata":{},"timestamp":"2022-04-24 11:09:08"}
{"label":"server.js","level":"info","message":"LOG: Fetch all coupons","metadata":{},"timestamp":"2022-04-24 11:14:34"}
{"label":"server.js","level":"info","message":"LOG: Fetch all coupons","metadata":{},"timestamp":"2022-04-24 11:47:37"}
{"label":"server.js","level":"info","message":"LOG: Fetch all coupons","metadata":{},"timestamp":"2022-04-24 11:47:56"}
{"label":"server.js","level":"info","message":"LOG: Fetch all coupons","metadata":{},"timestamp":"2022-04-24 11:50:33"}
{"label":"server.js","level":"info","message":"LOG: Fetch all coupons","metadata":{},"timestamp":"2022-04-24 11:50:46"}
{"label":"server.js","level":"info","message":"LOG: Fetch all coupons","metadata":{},"timestamp":"2022-04-24 11:50:56"}
{"label":"server.js","level":"info","message":"LOG: Fetch all coupons","metadata":{},"timestamp":"2022-04-24 11:51:20"}
{"label":"server.js","level":"info","message":"LOG: Fetch all coupons","metadata":{},"timestamp":"2022-04-24 11:51:58"}
{"label":"server.js","level":"info","message":"LOG: Fetch all coupons","metadata":{},"timestamp":"2022-04-24 11:52:01"}
{"label":"server.js","level":"info","message":"LOG: Fetch all coupons","metadata":{},"timestamp":"2022-04-24 11:52:07"}
{"label":"server.js","level":"info","message":"LOG: Fetch all coupons","metadata":{},"timestamp":"2022-04-24 11:52:08"}
{"label":"server.js","level":"info","message":"LOG: Fetch all coupons","metadata":{},"timestamp":"2022-04-24 11:52:15"}
{"label":"server.js","level":"info","message":"LOG: Fetch all coupons","metadata":{},"timestamp":"2022-04-24 11:52:16"}
{"label":"server.js","level":"info","message":"LOG: Fetch all coupons","metadata":{},"timestamp":"2022-04-24 11:52:17"}
{"label":"server.js","level":"info","message":"LOG: Fetch all coupons","metadata":{},"timestamp":"2022-04-24 11:52:20"}
{"label":"server.js","level":"info","message":"LOG: Fetch all coupons","metadata":{},"timestamp":"2022-04-24 11:52:40"}
{"label":"server.js","level":"info","message":"LOG: Fetch all coupons","metadata":{},"timestamp":"2022-04-24 11:52:41"}
{"label":"server.js","level":"info","message":"LOG: Fetch all coupons","metadata":{},"timestamp":"2022-04-24 11:52:45"}
{"label":"server.js","level":"info","message":"LOG: Fetch all coupons","metadata":{},"timestamp":"2022-04-24 11:52:47"}
{"label":"server.js","level":"info","message":"LOG: Fetch all coupons","metadata":{},"timestamp":"2022-04-24 11:57:00"}
{"label":"server.js","level":"info","message":"LOG: Fetch all coupons","metadata":{},"timestamp":"2022-04-24 11:58:06"}
{"label":"server.js","level":"info","message":"LOG: Fetch all coupons","metadata":{},"timestamp":"2022-04-24 11:59:18"}
{"label":"server.js","level":"info","message":"LOG: Fetch all coupons","metadata":{},"timestamp":"2022-04-24 11:59:19"}
{"label":"server.js","level":"info","message":"LOG: Fetch all coupons","metadata":{},"timestamp":"2022-04-24 11:59:28"}
{"label":"server.js","level":"info","message":"LOG: Fetch all coupons","metadata":{},"timestamp":"2022-04-24 12:01:16"}
{"label":"server.js","level":"info","message":"LOG: Fetch all coupons","metadata":{},"timestamp":"2022-04-24 12:02:07"}
{"label":"server.js","level":"info","message":"LOG: Fetch all coupons","metadata":{},"timestamp":"2022-04-24 12:02:09"}
{"label":"server.js","level":"info","message":"LOG: Fetch all coupons","metadata":{},"timestamp":"2022-04-24 12:02:11"}
{"label":"server.js","level":"info","message":"LOG: Fetch all coupons","metadata":{},"timestamp":"2022-04-24 12:02:13"}
{"label":"server.js","level":"info","message":"LOG: Fetch all coupons","metadata":{},"timestamp":"2022-04-24 12:02:21"}
{"label":"server.js","level":"info","message":"LOG: Fetch all coupons","metadata":{},"timestamp":"2022-04-24 12:02:22"}
{"label":"server.js","level":"info","message":"LOG: Fetch all coupons","metadata":{},"timestamp":"2022-04-24 12:02:24"}
{"label":"server.js","level":"info","message":"LOG: Fetch all coupons","metadata":{},"timestamp":"2022-04-24 12:02:26"}
{"label":"server.js","level":"info","message":"LOG: Fetch all coupons","metadata":{},"timestamp":"2022-04-24 12:02:50"}
{"label":"server.js","level":"info","message":"LOG: Fetch all coupons","metadata":{},"timestamp":"2022-04-24 12:02:52"}
{"label":"server.js","level":"info","message":"LOG: Fetch all coupons","metadata":{},"timestamp":"2022-04-24 12:03:04"}
{"label":"server.js","level":"info","message":"LOG: Fetch all coupons","metadata":{},"timestamp":"2022-04-24 12:03:06"}
{"label":"server.js","level":"info","message":"LOG: Fetch all coupons","metadata":{},"timestamp":"2022-04-24 12:03:27"}
{"label":"server.js","level":"info","message":"LOG: Fetch all coupons","metadata":{},"timestamp":"2022-04-24 12:03:34"}
{"label":"server.js","level":"info","message":"LOG: Fetch all coupons","metadata":{},"timestamp":"2022-04-24 12:04:02"}
{"label":"server.js","level":"info","message":"LOG: Fetch all coupons","metadata":{},"timestamp":"2022-04-24 12:04:06"}
{"label":"server.js","level":"info","message":"LOG: Fetch all coupons","metadata":{},"timestamp":"2022-04-24 12:20:11"}
{"label":"server.js","level":"info","message":"LOG: Fetch all coupons","metadata":{},"timestamp":"2022-04-24 12:21:39"}
{"label":"server.js","level":"info","message":"LOG: Fetch all coupons","metadata":{},"timestamp":"2022-04-24 12:21:41"}
{"label":"server.js","level":"info","message":"LOG: Validate coupon","metadata":{},"timestamp":"2022-04-24 12:21:51"}
{"label":"server.js","level":"info","message":"LOG: Fetch all coupons","metadata":{},"timestamp":"2022-04-24 12:25:23"}
{"label":"server.js","level":"info","message":"LOG: Validate coupon","metadata":{},"timestamp":"2022-04-24 12:25:32"}
{"label":"server.js","level":"info","message":"LOG: Fetch all coupons","metadata":{},"timestamp":"2022-04-24 12:26:33"}
{"label":"server.js","level":"info","message":"LOG: Validate coupon","metadata":{},"timestamp":"2022-04-24 12:26:40"}
{"label":"server.js","level":"info","message":"LOG: Fetch all coupons","metadata":{},"timestamp":"2022-04-24 12:34:59"}
{"label":"server.js","level":"info","message":"LOG: Fetch all coupons","metadata":{},"timestamp":"2022-04-24 12:36:30"}
{"label":"server.js","level":"info","message":"LOG: Validate coupon","metadata":{},"timestamp":"2022-04-24 12:36:43"}
{"label":"server.js","level":"info","message":"LOG: Fetch all coupons","metadata":{},"timestamp":"2022-04-24 12:38:55"}
{"label":"server.js","level":"info","message":"LOG: Validate coupon","metadata":{},"timestamp":"2022-04-24 12:39:02"}
{"label":"server.js","level":"info","message":"LOG: Fetch all coupons","metadata":{},"timestamp":"2022-04-24 12:40:00"}
{"label":"server.js","level":"info","message":"LOG: Fetch all coupons","metadata":{},"timestamp":"2022-04-24 12:40:05"}
{"label":"server.js","level":"info","message":"LOG: Validate coupon","metadata":{},"timestamp":"2022-04-24 12:40:12"}
{"label":"server.js","level":"info","message":"LOG: Fetch all coupons","metadata":{},"timestamp":"2022-04-24 12:54:24"}
{"label":"server.js","level":"info","message":"LOG: Fetch all coupons","metadata":{},"timestamp":"2022-04-24 12:54:33"}
{"label":"server.js","level":"info","message":"LOG: Fetch all coupons","metadata":{},"timestamp":"2022-04-24 12:58:48"}
{"label":"server.js","level":"info","message":"LOG: Validate coupon","metadata":{},"timestamp":"2022-04-24 12:58:52"}
{"label":"server.js","level":"info","message":"LOG: Fetch all coupons","metadata":{},"timestamp":"2022-04-24 12:59:50"}
{"label":"server.js","level":"info","message":"LOG: Validate coupon","metadata":{},"timestamp":"2022-04-24 13:00:00"}
{"label":"server.js","level":"info","message":"LOG: Fetch all coupons","metadata":{},"timestamp":"2022-04-24 13:00:07"}
{"label":"server.js","level":"info","message":"LOG: Validate coupon","metadata":{},"timestamp":"2022-04-24 13:00:12"}
{"label":"server.js","level":"info","message":"LOG: Fetch all coupons","metadata":{},"timestamp":"2022-04-24 13:00:52"}
{"label":"server.js","level":"info","message":"LOG: Validate coupon","metadata":{},"timestamp":"2022-04-24 13:00:57"}
{"label":"server.js","level":"info","message":"LOG: Fetch all coupons","metadata":{},"timestamp":"2022-04-24 13:02:56"}
{"label":"server.js","level":"info","message":"LOG: Validate coupon","metadata":{},"timestamp":"2022-04-24 13:03:00"}
{"label":"server.js","level":"info","message":"LOG: Fetch all coupons","metadata":{},"timestamp":"2022-04-24 13:03:27"}
{"label":"server.js","level":"info","message":"LOG: Fetch all coupons","metadata":{},"timestamp":"2022-04-24 13:03:30"}
{"label":"server.js","level":"info","message":"LOG: Validate coupon","metadata":{},"timestamp":"2022-04-24 13:03:32"}
{"label":"server.js","level":"info","message":"LOG: Fetch all coupons","metadata":{},"timestamp":"2022-04-24 13:03:51"}
{"label":"server.js","level":"info","message":"LOG: Fetch all coupons","metadata":{},"timestamp":"2022-04-24 13:03:53"}
{"label":"server.js","level":"info","message":"LOG: Validate coupon","metadata":{},"timestamp":"2022-04-24 13:03:57"}
{"label":"server.js","level":"info","message":"LOG: Fetch all coupons","metadata":{},"timestamp":"2022-04-24 13:08:04"}
{"label":"server.js","level":"info","message":"LOG: Validate coupon","metadata":{},"timestamp":"2022-04-24 13:08:06"}
{"label":"server.js","level":"info","message":"LOG: Fetch all coupons","metadata":{},"timestamp":"2022-04-24 13:08:15"}
{"label":"server.js","level":"info","message":"LOG: Fetch all coupons","metadata":{},"timestamp":"2022-04-24 13:10:27"}
{"label":"server.js","level":"info","message":"LOG: Validate coupon","metadata":{},"timestamp":"2022-04-24 13:10:30"}
{"label":"server.js","level":"info","message":"LOG: Fetch all coupons","metadata":{},"timestamp":"2022-04-24 13:10:51"}
{"label":"server.js","level":"info","message":"LOG: Fetch all coupons","metadata":{},"timestamp":"2022-04-24 13:10:53"}
{"label":"server.js","level":"info","message":"LOG: Validate coupon","metadata":{},"timestamp":"2022-04-24 13:11:24"}
{"label":"server.js","level":"info","message":"LOG: Validate coupon","metadata":{},"timestamp":"2022-04-24 13:11:47"}
{"label":"server.js","level":"info","message":"LOG: Fetch all coupons","metadata":{},"timestamp":"2022-04-24 13:24:58"}
{"label":"server.js","level":"info","message":"LOG: Validate coupon","metadata":{},"timestamp":"2022-04-24 13:25:01"}
{"label":"server.js","level":"info","message":"LOG: Validate coupon","metadata":{},"timestamp":"2022-04-24 13:25:08"}
{"label":"server.js","level":"info","message":"LOG: Fetch all coupons","metadata":{},"timestamp":"2022-04-24 13:25:16"}
{"label":"server.js","level":"info","message":"LOG: Validate coupon","metadata":{},"timestamp":"2022-04-24 13:25:21"}
{"label":"server.js","level":"info","message":"LOG: Fetch all coupons","metadata":{},"timestamp":"2022-04-24 13:28:26"}
{"label":"server.js","level":"info","message":"LOG: Validate coupon","metadata":{},"timestamp":"2022-04-24 13:28:31"}
{"label":"server.js","level":"info","message":"LOG: Fetch all coupons","metadata":{},"timestamp":"2022-04-24 13:29:14"}
{"label":"server.js","level":"info","message":"LOG: Validate coupon","metadata":{},"timestamp":"2022-04-24 13:29:18"}
{"label":"server.js","level":"info","message":"LOG: Fetch all coupons","metadata":{},"timestamp":"2022-04-24 13:29:53"}
{"label":"server.js","level":"info","message":"LOG: Validate coupon","metadata":{},"timestamp":"2022-04-24 13:29:58"}
{"label":"server.js","level":"info","message":"LOG: Validate coupon","metadata":{},"timestamp":"2022-04-24 13:30:51"}
{"label":"server.js","level":"info","message":"LOG: Fetch all coupons","metadata":{},"timestamp":"2022-04-24 13:33:06"}
{"label":"server.js","level":"info","message":"LOG: Fetch all coupons","metadata":{},"timestamp":"2022-04-24 13:33:13"}
{"label":"server.js","level":"info","message":"LOG: Validate coupon","metadata":{},"timestamp":"2022-04-24 13:33:19"}
{"label":"server.js","level":"info","message":"LOG: Fetch all coupons","metadata":{},"timestamp":"2022-04-24 13:36:39"}
{"label":"server.js","level":"info","message":"LOG: Validate coupon","metadata":{},"timestamp":"2022-04-24 13:36:50"}
{"label":"server.js","level":"info","message":"LOG: Fetch all coupons","metadata":{},"timestamp":"2022-04-24 13:37:45"}
{"label":"server.js","level":"info","message":"LOG: Validate coupon","metadata":{},"timestamp":"2022-04-24 13:37:48"}
{"label":"server.js","level":"info","message":"LOG: Fetch all coupons","metadata":{},"timestamp":"2022-04-24 13:38:21"}
{"label":"server.js","level":"info","message":"LOG: Validate coupon","metadata":{},"timestamp":"2022-04-24 13:38:23"}
{"label":"server.js","level":"info","message":"LOG: Validate coupon","metadata":{},"timestamp":"2022-04-24 13:39:01"}
{"label":"server.js","level":"info","message":"LOG: Validate coupon","metadata":{},"timestamp":"2022-04-24 13:39:12"}
{"label":"server.js","level":"info","message":"LOG: Fetch all coupons","metadata":{},"timestamp":"2022-04-24 13:40:02"}
{"label":"server.js","level":"info","message":"LOG: Validate coupon","metadata":{},"timestamp":"2022-04-24 13:40:05"}
{"label":"server.js","level":"info","message":"LOG: Fetch all coupons","metadata":{},"timestamp":"2022-04-24 13:40:46"}
{"label":"server.js","level":"info","message":"LOG: Validate coupon","metadata":{},"timestamp":"2022-04-24 13:40:51"}
{"label":"server.js","level":"info","message":"LOG: Validate coupon","metadata":{},"timestamp":"2022-04-24 13:41:04"}
{"label":"server.js","level":"info","message":"LOG: Fetch all coupons","metadata":{},"timestamp":"2022-04-24 13:42:11"}
{"label":"server.js","level":"info","message":"LOG: Validate coupon","metadata":{},"timestamp":"2022-04-24 13:42:14"}
{"label":"server.js","level":"info","message":"LOG: Fetch all coupons","metadata":{},"timestamp":"2022-04-24 13:44:39"}
{"label":"server.js","level":"info","message":"LOG: Validate coupon","metadata":{},"timestamp":"2022-04-24 13:44:45"}
{"label":"server.js","level":"info","message":"LOG: Fetch all coupons","metadata":{},"timestamp":"2022-04-24 13:45:14"}
{"label":"server.js","level":"info","message":"LOG: Validate coupon","metadata":{},"timestamp":"2022-04-24 13:45:18"}
{"label":"server.js","level":"info","message":"LOG: Create coupon","metadata":{},"timestamp":"2022-04-24 13:51:43"}
{"label":"server.js","level":"info","message":"LOG: Fetch all coupons","metadata":{},"timestamp":"2022-04-24 13:51:59"}
{"label":"server.js","level":"info","message":"LOG: Validate coupon","metadata":{},"timestamp":"2022-04-24 13:52:21"}
{"label":"server.js","level":"info","message":"LOG: Fetch all coupons","metadata":{},"timestamp":"2022-04-24 13:52:46"}
{"label":"server.js","level":"info","message":"LOG: Validate coupon","metadata":{},"timestamp":"2022-04-24 13:52:50"}
{"label":"server.js","level":"info","message":"LOG: Fetch all coupons","metadata":{},"timestamp":"2022-04-24 14:04:11"}
{"label":"server.js","level":"info","message":"LOG: Create coupon","metadata":{},"timestamp":"2022-04-24 14:04:39"}
{"label":"server.js","level":"info","message":"LOG: Fetch all coupons","metadata":{},"timestamp":"2022-04-24 14:05:07"}
{"label":"server.js","level":"info","message":"LOG: Validate coupon","metadata":{},"timestamp":"2022-04-24 14:05:14"}
{"label":"server.js","level":"info","message":"LOG: Validate coupon","metadata":{},"timestamp":"2022-04-24 14:05:20"}
{"label":"server.js","level":"info","message":"LOG: Fetch all coupons","metadata":{},"timestamp":"2022-04-24 14:08:12"}
{"label":"server.js","level":"info","message":"LOG: Fetch all coupons","metadata":{},"timestamp":"2022-04-24 14:08:26"}
{"label":"server.js","level":"info","message":"LOG: Fetch all coupons","metadata":{},"timestamp":"2022-04-24 14:11:31"}
{"label":"server.js","level":"info","message":"LOG: Fetch all coupons","metadata":{},"timestamp":"2022-04-24 14:26:59"}
{"label":"server.js","level":"info","message":"LOG: Fetch all coupons","metadata":{},"timestamp":"2022-04-24 14:29:48"}
{"label":"server.js","level":"info","message":"LOG: Fetch all coupons","metadata":{},"timestamp":"2022-04-24 14:29:58"}
{"label":"server.js","level":"info","message":"LOG: Fetch all coupons","metadata":{},"timestamp":"2022-04-24 14:30:27"}
{"label":"server.js","level":"info","message":"LOG: Fetch all coupons","metadata":{},"timestamp":"2022-04-24 14:30:36"}
{"label":"server.js","level":"info","message":"LOG: Fetch all coupons","metadata":{},"timestamp":"2022-04-24 14:31:01"}
{"label":"server.js","level":"info","message":"LOG: Fetch all coupons","metadata":{},"timestamp":"2022-04-24 14:31:07"}
{"label":"server.js","level":"info","message":"LOG: Create coupon","metadata":{},"timestamp":"2022-04-24 14:31:57"}
{"label":"server.js","level":"info","message":"LOG: Fetch all coupons","metadata":{},"timestamp":"2022-04-24 14:32:21"}
{"label":"server.js","level":"info","message":"LOG: Validate coupon","metadata":{},"timestamp":"2022-04-24 14:32:26"}
{"label":"server.js","level":"info","message":"LOG: Fetch all coupons","metadata":{},"timestamp":"2022-04-24 14:33:02"}
{"label":"server.js","level":"info","message":"LOG: Fetch all coupons","metadata":{},"timestamp":"2022-04-24 14:43:43"}
{"label":"server.js","level":"info","message":"LOG: Fetch all coupons","metadata":{},"timestamp":"2022-04-24 14:49:37"}
{"label":"server.js","level":"info","message":"LOG: Fetch all coupons","metadata":{},"timestamp":"2022-04-24 14:50:02"}
{"label":"server.js","level":"info","message":"LOG: Fetch all coupons","metadata":{},"timestamp":"2022-04-24 14:50:22"}
{"label":"server.js","level":"info","message":"LOG: Create coupon","metadata":{},"timestamp":"2022-04-24 14:50:38"}
{"label":"server.js","level":"info","message":"LOG: Fetch all coupons","metadata":{},"timestamp":"2022-04-24 14:51:48"}
{"label":"server.js","level":"info","message":"LOG: Create coupon","metadata":{},"timestamp":"2022-04-24 14:51:54"}
{"label":"server.js","level":"info","message":"LOG: Fetch all coupons","metadata":{},"timestamp":"2022-04-24 14:52:21"}
{"label":"server.js","level":"info","message":"LOG: Fetch all coupons","metadata":{},"timestamp":"2022-04-24 14:52:23"}
{"label":"server.js","level":"info","message":"LOG: Create coupon","metadata":{},"timestamp":"2022-04-24 14:52:27"}
{"label":"server.js","level":"info","message":"LOG: Create coupon","metadata":{},"timestamp":"2022-04-24 14:53:44"}
{"label":"server.js","level":"info","message":"LOG: Fetch all coupons","metadata":{},"timestamp":"2022-04-24 14:54:03"}
{"label":"server.js","level":"info","message":"LOG: Create coupon","metadata":{},"timestamp":"2022-04-24 14:54:06"}
{"label":"server.js","level":"info","message":"LOG: Fetch all coupons","metadata":{},"timestamp":"2022-04-24 14:54:24"}
{"label":"server.js","level":"info","message":"LOG: Create coupon","metadata":{},"timestamp":"2022-04-24 14:54:29"}
{"label":"server.js","level":"info","message":"LOG: Fetch all coupons","metadata":{},"timestamp":"2022-04-24 14:55:31"}
{"label":"server.js","level":"info","message":"LOG: Fetch all coupons","metadata":{},"timestamp":"2022-04-24 14:55:33"}
{"label":"server.js","level":"info","message":"LOG: Create coupon","metadata":{},"timestamp":"2022-04-24 14:55:35"}
{"label":"server.js","level":"info","message":"LOG: Fetch all coupons","metadata":{},"timestamp":"2022-04-24 14:58:01"}
{"label":"server.js","level":"info","message":"LOG: Create coupon","metadata":{},"timestamp":"2022-04-24 14:58:08"}
{"label":"server.js","level":"info","message":"LOG: Fetch all coupons","metadata":{},"timestamp":"2022-04-24 15:03:22"}
{"label":"server.js","level":"info","message":"LOG: Create coupon","metadata":{},"timestamp":"2022-04-24 15:03:33"}
{"label":"server.js","level":"info","message":"LOG: Fetch all coupons","metadata":{},"timestamp":"2022-04-24 15:05:57"}
{"label":"server.js","level":"info","message":"LOG: Create coupon","metadata":{},"timestamp":"2022-04-24 15:06:02"}
{"label":"server.js","level":"info","message":"LOG: Fetch all coupons","metadata":{},"timestamp":"2022-04-24 15:06:41"}
{"label":"server.js","level":"info","message":"LOG: Fetch all coupons","metadata":{},"timestamp":"2022-04-24 15:08:26"}
{"label":"server.js","level":"info","message":"LOG: Validate coupon","metadata":{},"timestamp":"2022-04-24 15:08:39"}
{"label":"server.js","level":"info","message":"LOG: Validate coupon","metadata":{},"timestamp":"2022-04-24 15:08:47"}
{"label":"server.js","level":"info","message":"LOG: Validate coupon","metadata":{},"timestamp":"2022-04-24 15:08:53"}
{"label":"server.js","level":"info","message":"LOG: Fetch all coupons","metadata":{},"timestamp":"2022-04-24 15:12:23"}
{"label":"server.js","level":"info","message":"LOG: Validate coupon","metadata":{},"timestamp":"2022-04-24 15:12:25"}
{"label":"server.js","level":"info","message":"LOG: Fetch all coupons","metadata":{},"timestamp":"2022-04-24 15:16:38"}
{"label":"server.js","level":"info","message":"LOG: Fetch all coupons","metadata":{},"timestamp":"2022-04-24 15:16:41"}
{"label":"server.js","level":"info","message":"LOG: Validate coupon","metadata":{},"timestamp":"2022-04-24 15:16:44"}
{"label":"server.js","level":"info","message":"LOG: Fetch all coupons","metadata":{},"timestamp":"2022-04-24 15:18:24"}
{"label":"server.js","level":"info","message":"LOG: Fetch all coupons","metadata":{},"timestamp":"2022-04-24 15:28:12"}
{"label":"server.js","level":"info","message":"LOG: Fetch all coupons","metadata":{},"timestamp":"2022-04-24 15:29:07"}
{"label":"server.js","level":"info","message":"LOG: Fetch all coupons","metadata":{},"timestamp":"2022-04-24 15:32:15"}
{"label":"server.js","level":"info","message":"LOG: Fetch all coupons","metadata":{},"timestamp":"2022-04-24 15:32:19"}
{"label":"server.js","level":"info","message":"LOG: Fetch all coupons","metadata":{},"timestamp":"2022-04-24 15:32:40"}
{"label":"server.js","level":"info","message":"LOG: Fetch all coupons","metadata":{},"timestamp":"2022-04-24 15:32:52"}
{"label":"server.js","level":"info","message":"LOG: Fetch all coupons","metadata":{},"timestamp":"2022-04-24 15:33:15"}
{"label":"server.js","level":"info","message":"LOG: Fetch all coupons","metadata":{},"timestamp":"2022-04-24 15:36:19"}
{"label":"server.js","level":"info","message":"LOG: Fetch all coupons","metadata":{},"timestamp":"2022-04-24 15:36:22"}
{"label":"server.js","level":"info","message":"LOG: Create coupon","metadata":{},"timestamp":"2022-04-24 15:37:07"}
{"label":"server.js","level":"info","message":"LOG: Fetch all coupons","metadata":{},"timestamp":"2022-04-24 15:38:44"}
{"label":"server.js","level":"info","message":"LOG: Fetch all coupons","metadata":{},"timestamp":"2022-04-24 15:38:46"}
{"label":"server.js","level":"info","message":"LOG: Create coupon","metadata":{},"timestamp":"2022-04-24 15:39:12"}
{"label":"server.js","level":"info","message":"LOG: Fetch all coupons","metadata":{},"timestamp":"2022-04-24 15:39:28"}
{"label":"server.js","level":"info","message":"LOG: Fetch all coupons","metadata":{},"timestamp":"2022-04-24 15:39:30"}
{"label":"server.js","level":"info","message":"LOG: Fetch all coupons","metadata":{},"timestamp":"2022-04-24 15:40:04"}
{"label":"server.js","level":"info","message":"LOG: Create coupon","metadata":{},"timestamp":"2022-04-24 15:40:18"}
{"label":"server.js","level":"info","message":"LOG: Fetch all coupons","metadata":{},"timestamp":"2022-04-24 15:42:09"}
{"label":"server.js","level":"info","message":"LOG: Fetch all coupons","metadata":{},"timestamp":"2022-04-24 15:42:11"}
{"label":"server.js","level":"info","message":"LOG: Create coupon","metadata":{},"timestamp":"2022-04-24 15:42:27"}
{"label":"server.js","level":"info","message":"LOG: Fetch all coupons","metadata":{},"timestamp":"2022-04-24 15:44:32"}
{"label":"server.js","level":"info","message":"LOG: Fetch all coupons","metadata":{},"timestamp":"2022-04-24 15:44:34"}
{"label":"server.js","level":"info","message":"LOG: Create coupon","metadata":{},"timestamp":"2022-04-24 15:44:52"}
{"label":"server.js","level":"info","message":"LOG: Fetch all coupons","metadata":{},"timestamp":"2022-04-24 15:46:49"}
{"label":"server.js","level":"info","message":"LOG: Fetch all coupons","metadata":{},"timestamp":"2022-04-24 15:47:09"}
{"label":"server.js","level":"info","message":"LOG: Create coupon","metadata":{},"timestamp":"2022-04-24 15:47:16"}
{"label":"server.js","level":"info","message":"LOG: Fetch all coupons","metadata":{},"timestamp":"2022-04-24 15:47:35"}
{"label":"server.js","level":"info","message":"LOG: Fetch all coupons","metadata":{},"timestamp":"2022-04-24 15:47:42"}
{"label":"server.js","level":"info","message":"LOG: Create coupon","metadata":{},"timestamp":"2022-04-24 15:47:45"}
{"label":"server.js","level":"info","message":"LOG: Fetch all coupons","metadata":{},"timestamp":"2022-04-24 15:48:03"}
{"label":"server.js","level":"info","message":"LOG: Fetch all coupons","metadata":{},"timestamp":"2022-04-24 15:48:05"}
{"label":"server.js","level":"info","message":"LOG: Create coupon","metadata":{},"timestamp":"2022-04-24 15:48:23"}
{"label":"server.js","level":"info","message":"LOG: Fetch all coupons","metadata":{},"timestamp":"2022-04-24 15:49:14"}
{"label":"server.js","level":"info","message":"LOG: Fetch all coupons","metadata":{},"timestamp":"2022-04-24 15:49:17"}
{"label":"server.js","level":"info","message":"LOG: Create coupon","metadata":{},"timestamp":"2022-04-24 15:49:20"}
{"label":"server.js","level":"info","message":"LOG: Fetch all coupons","metadata":{},"timestamp":"2022-04-24 15:50:16"}
{"label":"server.js","level":"info","message":"LOG: Fetch all coupons","metadata":{},"timestamp":"2022-04-24 15:50:25"}
{"label":"server.js","level":"info","message":"LOG: Fetch all coupons","metadata":{},"timestamp":"2022-04-24 15:50:27"}
{"label":"server.js","level":"info","message":"LOG: Create coupon","metadata":{},"timestamp":"2022-04-24 15:50:46"}
{"label":"server.js","level":"info","message":"LOG: Fetch all coupons","metadata":{},"timestamp":"2022-04-24 15:50:55"}
{"label":"server.js","level":"info","message":"LOG: Create coupon","metadata":{},"timestamp":"2022-04-24 15:51:04"}
{"label":"server.js","level":"info","message":"LOG: Fetch all coupons","metadata":{},"timestamp":"2022-04-24 15:51:33"}
{"label":"server.js","level":"info","message":"LOG: Fetch all coupons","metadata":{},"timestamp":"2022-04-24 15:51:34"}
{"label":"server.js","level":"info","message":"LOG: Fetch all coupons","metadata":{},"timestamp":"2022-04-24 15:52:13"}
{"label":"server.js","level":"info","message":"LOG: Fetch all coupons","metadata":{},"timestamp":"2022-04-24 15:53:24"}
{"label":"server.js","level":"info","message":"LOG: Fetch all coupons","metadata":{},"timestamp":"2022-04-24 15:53:25"}
{"label":"server.js","level":"info","message":"LOG: Fetch all coupons","metadata":{},"timestamp":"2022-04-24 15:54:03"}
{"label":"server.js","level":"info","message":"LOG: Fetch all coupons","metadata":{},"timestamp":"2022-04-24 15:54:33"}
{"label":"server.js","level":"info","message":"LOG: Fetch all coupons","metadata":{},"timestamp":"2022-04-24 15:54:38"}
{"label":"server.js","level":"info","message":"LOG: Fetch all coupons","metadata":{},"timestamp":"2022-04-24 15:54:43"}
{"label":"server.js","level":"info","message":"LOG: Validate coupon","metadata":{},"timestamp":"2022-04-24 15:54:48"}
{"label":"server.js","level":"info","message":"LOG: Validate coupon","metadata":{},"timestamp":"2022-04-24 15:55:06"}
{"label":"server.js","level":"info","message":"LOG: Validate coupon","metadata":{},"timestamp":"2022-04-24 15:55:32"}
{"label":"server.js","level":"info","message":"LOG: Validate coupon","metadata":{},"timestamp":"2022-04-24 15:55:36"}
{"label":"server.js","level":"info","message":"LOG: Fetch all coupons","metadata":{},"timestamp":"2022-04-24 15:56:11"}
{"label":"server.js","level":"info","message":"LOG: Fetch all coupons","metadata":{},"timestamp":"2022-04-24 15:56:26"}
{"label":"server.js","level":"info","message":"LOG: Fetch all coupons","metadata":{},"timestamp":"2022-04-24 15:56:49"}
{"label":"server.js","level":"info","message":"LOG: Fetch all coupons","metadata":{},"timestamp":"2022-04-24 15:57:15"}
{"label":"server.js","level":"info","message":"LOG: Fetch all coupons","metadata":{},"timestamp":"2022-04-24 15:57:19"}
{"label":"server.js","level":"info","message":"LOG: Validate coupon","metadata":{},"timestamp":"2022-04-24 15:57:27"}
{"label":"server.js","level":"info","message":"LOG: Fetch all coupons","metadata":{},"timestamp":"2022-04-24 15:58:41"}
{"label":"server.js","level":"info","message":"LOG: Fetch all coupons","metadata":{},"timestamp":"2022-04-24 15:58:43"}
{"label":"server.js","level":"info","message":"LOG: Validate coupon","metadata":{},"timestamp":"2022-04-24 15:58:47"}
{"label":"server.js","level":"info","message":"LOG: coupon exists","metadata":{},"timestamp":"2022-04-24 15:58:47"}
{"label":"server.js","level":"info","message":"LOG: Coupon min order value is not valid","metadata":{},"timestamp":"2022-04-24 15:58:47"}
{"label":"server.js","level":"info","message":"LOG: Fetch all coupons","metadata":{},"timestamp":"2022-04-24 15:59:04"}
{"label":"server.js","level":"info","message":"LOG: Fetch all coupons","metadata":{},"timestamp":"2022-04-24 16:01:01"}
{"label":"server.js","level":"info","message":"LOG: Fetch all coupons","metadata":{},"timestamp":"2022-04-24 16:01:03"}
{"label":"server.js","level":"info","message":"LOG: Fetch all coupons","metadata":{},"timestamp":"2022-04-24 16:02:13"}
{"label":"server.js","level":"info","message":"LOG: Fetch all coupons","metadata":{},"timestamp":"2022-04-24 16:02:30"}
{"label":"server.js","level":"info","message":"LOG: Fetch all coupons","metadata":{},"timestamp":"2022-04-24 16:02:34"}
{"label":"server.js","level":"info","message":"LOG: Fetch all coupons","metadata":{},"timestamp":"2022-04-24 16:02:41"}
{"label":"server.js","level":"info","message":"LOG: Fetch all coupons","metadata":{},"timestamp":"2022-04-24 16:02:46"}
{"label":"server.js","level":"info","message":"LOG: Fetch all coupons","metadata":{},"timestamp":"2022-04-24 16:02:55"}
{"label":"server.js","level":"info","message":"LOG: Fetch all coupons","metadata":{},"timestamp":"2022-04-24 16:03:27"}
{"label":"server.js","level":"info","message":"LOG: Fetch all coupons","metadata":{},"timestamp":"2022-04-24 16:03:47"}
{"label":"server.js","level":"info","message":"LOG: Fetch all coupons","metadata":{},"timestamp":"2022-04-24 16:03:51"}
{"label":"server.js","level":"info","message":"LOG: Fetch all coupons","metadata":{},"timestamp":"2022-04-24 16:04:28"}
{"label":"server.js","level":"info","message":"LOG: Fetch all coupons","metadata":{},"timestamp":"2022-04-24 16:04:33"}
{"label":"server.js","level":"info","message":"LOG: Fetch all coupons","metadata":{},"timestamp":"2022-04-24 16:06:58"}
{"label":"server.js","level":"info","message":"LOG: Fetch all coupons","metadata":{},"timestamp":"2022-04-24 16:07:07"}
{"label":"server.js","level":"info","message":"LOG: Fetch all coupons","metadata":{},"timestamp":"2022-04-24 16:07:25"}
{"label":"server.js","level":"info","message":"LOG: Fetch all coupons","metadata":{},"timestamp":"2022-04-24 16:08:24"}
{"label":"server.js","level":"info","message":"LOG: Fetch all coupons","metadata":{},"timestamp":"2022-04-24 16:10:45"}
{"label":"server.js","level":"info","message":"LOG: Fetch all coupons","metadata":{},"timestamp":"2022-04-24 16:10:56"}
{"label":"server.js","level":"info","message":"LOG: Fetch all coupons","metadata":{},"timestamp":"2022-04-24 16:11:20"}
{"label":"server.js","level":"info","message":"LOG: Fetch all coupons","metadata":{},"timestamp":"2022-04-24 16:11:37"}
{"label":"server.js","level":"info","message":"LOG: Fetch all coupons","metadata":{},"timestamp":"2022-04-24 16:12:12"}
{"label":"server.js","level":"info","message":"LOG: Fetch all coupons","metadata":{},"timestamp":"2022-04-24 16:12:41"}
{"label":"server.js","level":"info","message":"LOG: Fetch all coupons","metadata":{},"timestamp":"2022-04-24 16:14:00"}
{"label":"server.js","level":"info","message":"LOG: Fetch all coupons","metadata":{},"timestamp":"2022-04-24 16:14:07"}
{"label":"server.js","level":"info","message":"LOG: Fetch all coupons","metadata":{},"timestamp":"2022-04-24 16:15:08"}
{"label":"server.js","level":"info","message":"LOG: Fetch all coupons","metadata":{},"timestamp":"2022-04-24 16:15:15"}
{"label":"server.js","level":"info","message":"LOG: Fetch all coupons","metadata":{},"timestamp":"2022-04-24 16:15:24"}
{"label":"server.js","level":"info","message":"LOG: Fetch all coupons","metadata":{},"timestamp":"2022-04-24 16:15:28"}
{"label":"server.js","level":"info","message":"LOG: Fetch all coupons","metadata":{},"timestamp":"2022-04-24 16:16:21"}
{"label":"server.js","level":"info","message":"LOG: Fetch all coupons","metadata":{},"timestamp":"2022-04-24 16:16:38"}
{"label":"server.js","level":"info","message":"LOG: Fetch all coupons","metadata":{},"timestamp":"2022-04-24 16:17:22"}
{"label":"server.js","level":"info","message":"LOG: Fetch all coupons","metadata":{},"timestamp":"2022-04-24 16:17:35"}
